<?xml version="1.0" encoding="UTF-8"?>
<!-- Generated by org.testng.reporters.JUnitXMLReporter -->
<testsuite hostname="Ganesh" ignored="0" name="Test" tests="4" failures="1" timestamp="2022-02-08T22:41:28 IST" time="0.063" errors="0">
  <testcase name="login1" time="0.01" classname="com.testing.features.Demo"/>
  <testcase name="login2" time="0.003" classname="com.testing.features.Demo">
    <skipped/>
  </testcase> <!-- login2 -->
  <testcase name="login2" time="0.001" classname="com.testing.features.Demo">
    <skipped/>
  </testcase> <!-- login2 -->
  <testcase name="login2" time="0.001" classname="com.testing.features.Demo">
    <failure type="java.lang.AssertionError" message="expected [Saru] but found [Saru123]">
      <![CDATA[java.lang.AssertionError: expected [Saru] but found [Saru123]
at com.testing.features.Demo.login2(Demo.java:21)
at java.util.ArrayList.forEach(Unknown Source)
... Removed 33 stack frames]]>
    </failure>
  </testcase> <!-- login2 -->
</testsuite> <!-- Test -->
